[13:55:52.611] [INFO] Storybook Upgrade - v9.1.13
[13:55:52.655] [INFO] detect-projects-spinner-start: Detecting projects...
[13:55:52.656] [DEBUG] Finding Storybook projects...
[13:55:53.118] [DEBUG] Found 1 Storybook projects
[13:55:53.118] [INFO] detect-projects-spinner: Detecting projects: 1 projects
[13:55:53.119] [DEBUG] Getting Storybook data...
[13:55:53.119] [DEBUG] Getting Storybook info...
[13:55:53.119] [DEBUG] Loading main config...
[13:55:53.174] [DEBUG] Getting stories paths...
[13:55:53.189] [DEBUG] Getting package manager...
[13:55:53.490] [DEBUG] Getting Storybook version...
[13:55:53.491] [DEBUG] /.storybook - Validating before version... 8.6.14
[13:55:53.491] [DEBUG] /.storybook - Validating upgrade compatibility...
[13:55:53.491] [DEBUG] /.storybook - Fetching NPM version information...
[13:55:53.492] [DEBUG] Getting CLI versions from NPM for storybook...
[13:55:53.493] [DEBUG] Getting CLI versions from NPM for storybook@next...
[13:55:54.612] [DEBUG] /.storybook - Evaluating blockers...
[13:55:54.614] [DEBUG] Getting installed version for @storybook/experimental-addon-test...
[13:55:55.265] [INFO] detect-projects-spinner-stop: 1 project detected
[13:55:55.265] [DEBUG] Found 1 valid projects and 0 error projects
[13:55:55.265] [INFO] Upgrading from 8.6.14 to 9.1.13
[13:55:55.308] [INFO] upgrade-dependencies-task-start: Fetching versions to update package.json files..
[13:55:55.308] [DEBUG] Updating dependencies in /.storybook...
[13:55:55.331] [INFO] upgrade-dependencies-task: /package.json
[13:55:55.331] [DEBUG] Getting CLI versions from NPM for @chromatic-com/storybook...
[13:55:55.332] [DEBUG] Getting CLI versions from NPM for @storybook/addon-webpack5-compiler-babel...
[13:55:55.975] [DEBUG] {
  "upgradedDependencies": []
}
[13:55:55.975] [DEBUG] {
  "upgradedDevDependencies": [
    "@storybook/addon-a11y@^9.1.13",
    "@storybook/addon-links@^9.1.13",
    "@storybook/react@^9.1.13",
    "@storybook/react-webpack5@^9.1.13",
    "eslint-plugin-storybook@^9.1.13",
    "storybook@^9.1.13",
    "@chromatic-com/storybook@^4.1.1",
    "@storybook/addon-webpack5-compiler-babel@^3.0.6"
  ]
}
[13:55:55.975] [DEBUG] {
  "upgradedPeerDependencies": []
}
[13:55:55.975] [DEBUG] Getting CLI versions from NPM for @storybook/addon-a11y...
[13:55:57.005] [DEBUG] Getting CLI versions from NPM for @storybook/addon-links...
[13:55:58.009] [DEBUG] Getting CLI versions from NPM for @storybook/react...
[13:55:59.068] [DEBUG] Getting CLI versions from NPM for @storybook/react-webpack5...
[13:55:59.887] [DEBUG] Getting CLI versions from NPM for eslint-plugin-storybook...
[13:56:00.522] [DEBUG] Using cached version for storybook...
[13:56:00.522] [DEBUG] Using cached version for @chromatic-com/storybook...
[13:56:00.522] [DEBUG] Using cached version for @storybook/addon-webpack5-compiler-babel...
[13:56:00.522] [INFO] upgrade-dependencies-task-success: Updated package versions in package.json files
[13:56:00.523] [INFO] detect-automigrations-task-start: Detecting automigrations...
[13:56:00.523] [DEBUG] Starting automigration collection across 1 projects and 16 fixes...
[13:56:00.569] [INFO] detect-automigrations-task: Checking automigrations for /.storybook...
[13:56:00.569] [DEBUG] Processing project: /.storybook
[13:56:00.569] [DEBUG] Checking fix eslintPlugin for project /.storybook...
[13:56:00.571] [DEBUG] Checking fix addon-mdx-gfm-remove for project /.storybook...
[13:56:00.572] [DEBUG] Checking fix addon-storysource-code-panel for project /.storybook...
[13:56:00.572] [DEBUG] Checking fix upgrade-storybook-related-dependencies for project /.storybook...
[13:56:00.572] [DEBUG] Checking for incompatible storybook packages...
[13:56:00.579] [DEBUG] Getting installed version for @chanzuckerberg/axe-storybook-testing...
[13:56:00.580] [DEBUG] Getting installed version for @storybook/addon-essentials...
[13:56:00.580] [DEBUG] Getting installed version for @storybook/addon-interactions...
[13:56:00.581] [DEBUG] Getting installed version for @storybook/addon-mdx-gfm...
[13:56:00.581] [DEBUG] Getting installed version for @storybook/addon-styling-webpack...
[13:56:00.581] [DEBUG] Getting installed version for @storybook/manager-api...
[13:56:00.582] [DEBUG] Getting installed version for @storybook/preview-api...
[13:56:00.582] [DEBUG] Getting installed version for @storybook/test...
[13:56:00.583] [DEBUG] Getting installed version for @storybook/testing-library...
[13:56:00.583] [DEBUG] Getting installed version for @storybook/theming...
[13:56:00.584] [DEBUG] Getting installed version for @storybook/types...
[13:56:00.584] [DEBUG] Getting installed version for storybook-addon-tag-badges...
[13:56:00.584] [DEBUG] Getting installed version for @chromatic-com/storybook...
[13:56:01.567] [DEBUG] Getting CLI versions from NPM for @storybook/addon-mdx-gfm...
[13:56:01.569] [DEBUG] Getting CLI versions from NPM for @storybook/manager-api...
[13:56:01.569] [DEBUG] Getting CLI versions from NPM for @storybook/theming...
[13:56:01.575] [DEBUG] Getting CLI versions from NPM for @chanzuckerberg/axe-storybook-testing...
[13:56:01.585] [DEBUG] Getting CLI versions from NPM for @storybook/types...
[13:56:01.591] [DEBUG] Getting CLI versions from NPM for @storybook/addon-interactions...
[13:56:01.624] [DEBUG] Getting CLI versions from NPM for @storybook/testing-library...
[13:56:01.626] [DEBUG] Getting CLI versions from NPM for @storybook/test...
[13:56:01.626] [DEBUG] Getting CLI versions from NPM for storybook-addon-tag-badges...
[13:56:01.701] [DEBUG] Getting CLI versions from NPM for @storybook/preview-api...
[13:56:01.778] [DEBUG] Using cached version for @chromatic-com/storybook...
[13:56:01.800] [DEBUG] Getting CLI versions from NPM for @storybook/addon-essentials...
[13:56:01.820] [DEBUG] Getting CLI versions from NPM for @storybook/addon-styling-webpack...
[13:56:02.947] [DEBUG] Checking fix initial-globals for project /.storybook...
[13:56:02.961] [DEBUG] Checking fix addon-globals-api for project /.storybook...
[13:56:02.965] [DEBUG] Checking fix addon-a11y-addon-test for project /.storybook...
[13:56:02.965] [DEBUG] Checking fix consolidated-imports for project /.storybook...
[13:56:02.966] [DEBUG] Checking fix addon-experimental-test for project /.storybook...
[13:56:02.966] [DEBUG] Using cached installed version for @storybook/experimental-addon-test...
[13:56:02.966] [DEBUG] Checking fix rnstorybook-config for project /.storybook...
[13:56:02.966] [DEBUG] Checking fix remove-addon-interactions for project /.storybook...
[13:56:02.966] [DEBUG] Checking fix renderer-to-framework for project /.storybook...
[13:56:02.966] [DEBUG] Checking fix remove-essential-addons for project /.storybook...
[13:56:02.966] [DEBUG] Checking fix addon-a11y-parameters for project /.storybook...
[13:56:02.972] [DEBUG] Checking fix remove-docs-autodocs for project /.storybook...
[13:56:02.977] [DEBUG] Checking fix wrap-require for project /.storybook...
[13:56:03.027] [INFO] detect-automigrations-task: 
Automigrations detected:
[13:56:03.054] [INFO] detect-automigrations-task: ✔ addon-mdx-gfm-remove
[13:56:03.083] [INFO] detect-automigrations-task: ✔ upgrade-storybook-related-dependencies
[13:56:03.107] [INFO] detect-automigrations-task: ✔ addon-globals-api
[13:56:03.131] [INFO] detect-automigrations-task: ✔ consolidated-imports
[13:56:03.158] [INFO] detect-automigrations-task: ✔ remove-addon-interactions
[13:56:03.184] [INFO] detect-automigrations-task: ✔ renderer-to-framework
[13:56:03.208] [INFO] detect-automigrations-task: ✔ remove-essential-addons
[13:56:03.208] [INFO] detect-automigrations-task-success: 7 automigration(s) detected
[13:56:22.960] [PROMPT] Select automigrations to run {"choice":["addon-mdx-gfm-remove","addon-globals-api","consolidated-imports","remove-addon-interactions","renderer-to-framework","remove-essential-addons"]}
[13:56:22.961] [INFO] automigrate-/.storybook-task-start: Running automigrations for /.storybook
[13:56:22.976] [DEBUG] Uninstalling @storybook/addon-mdx-gfm
[13:56:23.025] [INFO] automigrate-/.storybook-task: ✔ addon-mdx-gfm-remove
[13:56:23.360] [INFO] automigrate-/.storybook-task: ✔ addon-globals-api
[13:56:23.398] [INFO] automigrate-/.storybook-task: ✔ consolidated-imports
[13:56:23.399] [DEBUG] Uninstalling @storybook/addon-interactions
[13:56:23.400] [DEBUG] Removing '@storybook/addon-interactions' from main.js addons field.
[13:56:23.427] [INFO] automigrate-/.storybook-task: ✔ remove-addon-interactions
[13:56:23.427] [DEBUG] 
Migrating @storybook/react to @storybook/react-webpack5
[13:56:23.436] [DEBUG] Updating package.json files...
[13:56:23.461] [INFO] automigrate-/.storybook-task: ✔ renderer-to-framework
[13:56:23.462] [DEBUG] Uninstalling @storybook/addon-essentials
[13:56:23.463] [DEBUG] Removing '@storybook/addon-essentials' from main.js addons field.
[13:56:23.468] [DEBUG] Getting Storybook info...
[13:56:23.468] [DEBUG] Loading main config...
[13:56:23.472] [DEBUG] Getting stories paths...
[13:56:23.474] [DEBUG] Getting package manager...
[13:56:23.487] [DEBUG] Getting Storybook version...
[13:56:23.508] [INFO] automigrate-/.storybook-task: Verifying @storybook/addon-docs
[13:56:23.527] [INFO] automigrate-/.storybook-task: Installing @storybook/addon-docs@^9.1.13
[13:56:23.527] [DEBUG] Getting CLI versions from NPM for @storybook/addon-docs...
[13:56:24.596] [INFO] automigrate-/.storybook-task: Adding '@storybook/addon-docs' to the "addons" field in
/Users/aholloway/Development/edu-design-system/.storybook/main.ts
[13:56:24.634] [INFO] automigrate-/.storybook-task: ✔ remove-essential-addons
[13:56:24.634] [INFO] automigrate-/.storybook-task-success: Completed automigrations for /.storybook
[13:56:24.635] [INFO] Installing dependencies...
[13:56:24.635] [INFO] install-dependencies-task-start: Installing dependencies...
[13:56:25.018] [INFO] ➤ YN0000: · Yarn 4.10.3
[13:56:25.062] [INFO] install-dependencies-task: ➤ YN0000: · Yarn 4.10.3
[13:56:25.062] [INFO] ➤ YN0000: ┌ Resolution step
[13:56:25.090] [INFO] install-dependencies-task: ➤ YN0000: ┌ Resolution step
[13:56:26.525] [INFO] ➤ YN0085: │ + @chromatic-com/storybook@npm:4.1.1, @storybook/addon-a11y@npm:9.1.13, @storybook/addon-docs@npm:9.1.13, @storybook/addon-links@npm:9.1.13, and 25 more.
[13:56:26.571] [INFO] install-dependencies-task: ➤ YN0085: │ + @chromatic-com/storybook@npm:4.1.1,
@storybook/addon-a11y@npm:9.1.13, @storybook/addon-docs@npm:9.1.13,
@storybook/addon-links@npm:9.1.13, and 25 more.
[13:56:26.571] [INFO] ➤ YN0085: │ - @chromatic-com/storybook@npm:3.2.2, @storybook/addon-a11y@npm:8.6.14, @storybook/addon-actions@npm:8.6.14, @storybook/addon-backgrounds@npm:8.6.14, and 124 more.
➤ YN0000: └ Completed in 1s 523ms
➤ YN0000: ┌ Post-resolution validation
➤ YN0060: │ storybook is listed by your project with version 9.1.13 (p02de36), which doesn't satisfy what storybook-addon-tag-badges and other dependencies request (but they have non-overlapping ranges!).
➤ YN0002: │ @chanzuckerberg/eds@workspace:. doesn't provide @storybook/preview-api (p1a2aaa), requested by @chanzuckerberg/axe-storybook-testing.
➤ YN0002: │ @chanzuckerberg/eds@workspace:. doesn't provide @storybook/react (p4a1373), requested by @chanzuckerberg/story-utils.
➤ YN0002: │ @chanzuckerberg/eds@workspace:. doesn't provide webpack (pcf561c), requested by @storybook/addon-styling-webpack and other dependencies.
➤ YN0086: │ Some peer dependencies are incorrectly met by your project; run yarn explain peer-requirements <hash> for details, where <hash> is the six-letter p-prefixed code.
➤ YN0086: │ Some peer dependencies are incorrectly met by dependencies; run yarn explain peer-requirements for details.
➤ YN0000: └ Completed
➤ YN0000: ┌ Fetch step
[13:56:26.598] [INFO] install-dependencies-task: ➤ YN0085: │ - @chromatic-com/storybook@npm:3.2.2,
@storybook/addon-a11y@npm:8.6.14, @storybook/addon-actions@npm:8.6.14,
@storybook/addon-backgrounds@npm:8.6.14, and 124 more.
➤ YN0000: └ Completed in 1s 523ms
➤ YN0000: ┌ Post-resolution validation
➤ YN0060: │ storybook is listed by your project with version 9.1.13 (p02de36),
which doesn't satisfy what storybook-addon-tag-badges and other dependencies
request (but they have non-overlapping ranges!).
➤ YN0002: │ @chanzuckerberg/eds@workspace:. doesn't provide
@storybook/preview-api (p1a2aaa), requested by
@chanzuckerberg/axe-storybook-testing.
➤ YN0002: │ @chanzuckerberg/eds@workspace:. doesn't provide @storybook/react
(p4a1373), requested by @chanzuckerberg/story-utils.
➤ YN0002: │ @chanzuckerberg/eds@workspace:. doesn't provide webpack (pcf561c),
requested by @storybook/addon-styling-webpack and other dependencies.
➤ YN0086: │ Some peer dependencies are incorrectly met by your project; run yarn
explain peer-requirements <hash> for details, where <hash> is the six-letter
p-prefixed code.
➤ YN0086: │ Some peer dependencies are incorrectly met by dependencies; run yarn
explain peer-requirements for details.
➤ YN0000: └ Completed
➤ YN0000: ┌ Fetch step
[13:56:28.614] [INFO] ➤ YN0013: │ 32 packages were added to the project, and 131 were removed (- 696.87 KiB).
[13:56:28.635] [INFO] install-dependencies-task: ➤ YN0013: │ 32 packages were added to the project, and 131 were removed (-
696.87 KiB).
[13:56:28.635] [INFO] ➤ YN0000: └ Completed in 2s 68ms
[13:56:28.660] [INFO] install-dependencies-task: ➤ YN0000: └ Completed in 2s 68ms
[13:56:28.661] [INFO] ➤ YN0000: ┌ Link step
[13:56:28.684] [INFO] install-dependencies-task: ➤ YN0000: ┌ Link step
[13:56:29.700] [INFO] ➤ YN0000: └ Completed in 1s 46ms
[13:56:29.729] [INFO] install-dependencies-task: ➤ YN0000: └ Completed in 1s 46ms
[13:56:29.828] [INFO] ➤ YN0000: · Done with warnings in 4s 811ms
[13:56:29.863] [INFO] install-dependencies-task: ➤ YN0000: · Done with warnings in 4s 811ms
[13:56:29.863] [INFO] Dependencies installed
[13:56:29.863] [INFO] install-dependencies-task-success: Dependencies installed
[13:56:29.864] [INFO] Checking the health of your project(s)..
[13:56:30.298] [WARN] /.storybook: 1 issue found
[13:56:30.332] [INFO] You are currently using Storybook 9.1.13 but you have packages which are incompatible with it:

- @chanzuckerberg/axe-storybook-testing@8.2.3 which depends on ^7.0.0 || ^8.0.0
 Repo: https://github.com/chanzuckerberg/axe-storybook-testing
- storybook-addon-tag-badges@1.4.0 which depends on ^8.4.0

Please consider updating your packages or contacting the maintainers for compatibility details.

For more on Storybook 9 compatibility, see the linked GitHub issue:
https://github.com/storybookjs/storybook/issues/30944
[13:56:30.332] [INFO] Incompatible Packages
[13:56:30.365] [INFO] You are currently using Storybook 9.1.13 but you have packages which are incompatible with it:

- @chanzuckerberg/axe-storybook-testing@8.2.3 which depends on ^7.0.0 || ^8.0.0
 Repo: https://github.com/chanzuckerberg/axe-storybook-testing
- storybook-addon-tag-badges@1.4.0 which depends on ^8.4.0

Please consider updating your packages or contacting the maintainers for compatibility details.

For more on Storybook 9 compatibility, see the linked GitHub issue:
https://github.com/storybookjs/storybook/issues/30944
[13:56:30.393] [INFO] Storybook doctor is complete!
[13:56:30.417] [INFO] You can always recheck the health of your project(s) by running:
npx storybook doctor
[13:56:30.442] [INFO] The upgrade is complete!
[13:56:30.465] [INFO] Your project(s) have been upgraded successfully, but some issues were found which need your attention, please check Storybook doctor logs above.
[13:56:30.681] [INFO] If you want to learn more about the automigrations that executed in your project(s), please check the following links:

• addon-mdx-gfm-remove
• addon-globals-api
• consolidated-imports
• remove-addon-interactions
• renderer-to-framework
• remove-essential-addons
[13:56:30.745] [INFO] For a full list of changes, please check our migration guide: https://storybook.js.org/docs/migration-guide?ref=upgrade
[13:56:30.782] [INFO] Attention: Storybook now collects completely anonymous telemetry regarding usage. This information is used to shape Storybook's roadmap and prioritize features.
[13:56:30.820] [INFO] You can learn more, including how to opt-out if you'd not like to participate in this anonymous program, by visiting the following URL:
[13:56:30.857] [INFO] https://storybook.js.org/telemetry
[13:56:30.888] [INFO] 